<?xml version="1.0" encoding="UTF-8"?>
<testng-results skipped="0" failed="0" ignored="0" total="1" passed="1">
  <reporter-output>
  </reporter-output>
  <suite name="Default suite" duration-ms="10827" started-at="2021-04-05T18:44:43 IST" finished-at="2021-04-05T18:44:53 IST">
    <groups>
    </groups>
    <test name="Default test" duration-ms="10827" started-at="2021-04-05T18:44:43 IST" finished-at="2021-04-05T18:44:53 IST">
      <class name="Test_Cases.A_B_Test">
        <test-method status="PASS" signature="browserInvoke()[pri:0, instance:Test_Cases.A_B_Test@7a1ebcd8]" name="browserInvoke" is-config="true" duration-ms="9827" started-at="2021-04-05T18:44:43 IST" finished-at="2021-04-05T18:44:53 IST">
          <reporter-output>
          </reporter-output>
        </test-method> <!-- browserInvoke -->
        <test-method status="PASS" signature="verifyA_B()[pri:0, instance:Test_Cases.A_B_Test@7a1ebcd8]" name="verifyA_B" duration-ms="621" started-at="2021-04-05T18:44:53 IST" finished-at="2021-04-05T18:44:53 IST">
          <reporter-output>
          </reporter-output>
        </test-method> <!-- verifyA_B -->
        <test-method status="PASS" signature="teardown()[pri:0, instance:Test_Cases.A_B_Test@7a1ebcd8]" name="teardown" is-config="true" duration-ms="303" started-at="2021-04-05T18:44:53 IST" finished-at="2021-04-05T18:44:53 IST">
          <reporter-output>
          </reporter-output>
        </test-method> <!-- teardown -->
      </class> <!-- Test_Cases.A_B_Test -->
    </test> <!-- Default test -->
  </suite> <!-- Default suite -->
</testng-results>
